Build started 4/29/2017 7:06:41 PM.
     1>Project "C:\Users\Matt\RPI\ga2017-homework4-master\build\ga4-win64\ga.vcxproj" on node 2 (Build target(s)).
     1>PreBuildEvent:
         setlocal
         "C:\Program Files\CMake\bin\cmake.exe" -E copy C:/Users/Matt/RPI/ga2017-homework4-master/src/engine/../3rdparty/ttf-bitstream-vera-1.10/VeraMono.ttf C:/Users/Matt/RPI/ga2017-homework4-master/build/ga4-win64/Release
         if %errorlevel% neq 0 goto :cmEnd
         :cmEnd
         endlocal & call :cmErrorLevel %errorlevel% & goto :cmDone
         :cmErrorLevel
         exit /b %1
         :cmDone
         if %errorlevel% neq 0 goto :VCEnd
         :VCEnd
       Link:
         ga.vcxproj -> C:\Users\Matt\RPI\ga2017-homework4-master\build\ga4-win64\Release\ga.exe
       PostBuildEvent:
         setlocal
         "C:\Program Files\CMake\bin\cmake.exe" -E copy_directory C:/Users/Matt/RPI/ga2017-homework4-master/src/engine/../../data C:/Users/Matt/RPI/ga2017-homework4-master/build/ga4-win64/Release/data
         if %errorlevel% neq 0 goto :cmEnd
         :cmEnd
         endlocal & call :cmErrorLevel %errorlevel% & goto :cmDone
         :cmErrorLevel
         exit /b %1
         :cmDone
         if %errorlevel% neq 0 goto :VCEnd
         :VCEnd
     1>Done Building Project "C:\Users\Matt\RPI\ga2017-homework4-master\build\ga4-win64\ga.vcxproj" (Build target(s)).

Build succeeded.

Time Elapsed 00:00:00.24
